0 info it worked if it ends with ok
1 verbose cli [ '/usr/bin/node', '/usr/bin/npm', 'run', 'cy:open' ]
2 info using npm@3.5.2
3 info using node@v8.10.0
4 verbose run-script [ 'precy:open', 'cy:open', 'postcy:open' ]
5 info lifecycle @~precy:open: @
6 silly lifecycle @~precy:open: no script for precy:open, continuing
7 info lifecycle @~cy:open: @
8 verbose lifecycle @~cy:open: unsafe-perm in lifecycle true
9 verbose lifecycle @~cy:open: PATH: /usr/share/npm/bin/node-gyp-bin:/home/ion.bragari/Cypress/node_modules/.bin:/usr/local/sbin:/usr/local/bin:/usr/sbin:/usr/bin:/sbin:/bin:/snap/bin
10 verbose lifecycle @~cy:open: CWD: /home/ion.bragari/Cypress
11 silly lifecycle @~cy:open: Args: [ '-c', 'cypress open' ]
12 silly lifecycle @~cy:open: Returned: code: 0  signal: null
13 verbose stack Error: write EIO
13 verbose stack     at _errnoException (util.js:1022:11)
13 verbose stack     at WriteWrap.afterWrite [as oncomplete] (net.js:880:14)
14 verbose cwd /home/ion.bragari/Cypress
15 error Linux 5.3.0-28-generic
16 error argv "/usr/bin/node" "/usr/bin/npm" "run" "cy:open"
17 error node v8.10.0
18 error npm  v3.5.2
19 error code EIO
20 error errno EIO
21 error syscall write
22 error write EIO
23 error If you need help, you may report this error at:
23 error     <https://github.com/npm/npm/issues>
24 verbose exit [ 1, true ]
